\BOOKMARK [0][-]{section*.2}{The relation between stars and gas in distant galaxies}{}% 2
\BOOKMARK [1][-]{section*.1}{Abstract}{section*.2}% 1
\BOOKMARK [1][-]{section.1}{Introduction}{section*.2}% 3
\BOOKMARK [2][-]{subsection.1.1}{Classification of galaxies}{section.1}% 4
\BOOKMARK [2][-]{subsection.1.2}{Dynamical studies of galaxies along the Hubble sequence}{section.1}% 5
\BOOKMARK [3][-]{subsubsection.1.2.1}{Angular momentum and the evolution of galactic dynamics}{subsection.1.2}% 6
\BOOKMARK [3][-]{subsubsection.1.2.2}{Faber\205Jackson and Tully\205Fisher relations}{subsection.1.2}% 7
\BOOKMARK [2][-]{subsection.1.3}{High-redshifts}{section.1}% 8
\BOOKMARK [3][-]{subsubsection.1.3.1}{Galaxy formation models}{subsection.1.3}% 9
\BOOKMARK [3][-]{subsubsection.1.3.2}{Stellar formation}{subsection.1.3}% 10
\BOOKMARK [3][-]{subsubsection.1.3.3}{Evolution of scaling relations}{subsection.1.3}% 11
\BOOKMARK [2][-]{subsection.1.4}{The Hubble Ultra Deep Field}{section.1}% 12
\BOOKMARK [3][-]{subsubsection.1.4.1}{HST}{subsection.1.4}% 13
\BOOKMARK [3][-]{subsubsection.1.4.2}{MUSE}{subsection.1.4}% 14
\BOOKMARK [2][-]{subsection.1.5}{Project study and aims}{section.1}% 15
\BOOKMARK [1][-]{section.2}{Observations and data analysis}{section*.2}% 16
\BOOKMARK [2][-]{subsection.2.1}{HST HUDF}{section.2}% 17
\BOOKMARK [2][-]{subsection.2.2}{MUSE HUDF}{section.2}% 18
\BOOKMARK [1][-]{section.3}{Discussion}{section*.2}% 19
\BOOKMARK [2][-]{subsection.3.1}{Galaxy velocity dispersions}{section.3}% 20
\BOOKMARK [3][-]{subsubsection.3.1.1}{[OII] modelling}{subsection.3.1}% 21
\BOOKMARK [3][-]{subsubsection.3.1.2}{Full spectrum modelling}{subsection.3.1}% 22
\BOOKMARK [3][-]{subsubsection.3.1.3}{ results}{subsection.3.1}% 23
\BOOKMARK [2][-]{subsection.3.2}{Galaxy velocities}{section.3}% 24
\BOOKMARK [2][-]{subsection.3.3}{Voronoi tessellation}{section.3}% 25
\BOOKMARK [3][-]{subsubsection.3.3.1}{Tully-Fisher}{subsection.3.3}% 26
\BOOKMARK [3][-]{subsubsection.3.3.2}{Faber-Jackson}{subsection.3.3}% 27
\BOOKMARK [2][-]{subsection.3.4}{Applicability of locally derived scaling relations}{section.3}% 28
\BOOKMARK [2][-]{subsection.3.5}{Future studies}{section.3}% 29
\BOOKMARK [1][-]{section.4}{Conclusions}{section*.2}% 30
\BOOKMARK [1][-]{appendix.A}{Remaining galaxies from sample}{section*.2}% 31
