\BOOKMARK [1][-]{section*.1}{Contents}{}% 1
\BOOKMARK [1][-]{section*.2}{Introduction}{}% 2
\BOOKMARK [2][-]{section*.3}{Galaxy classification with the Hubble sequence}{section*.2}% 3
\BOOKMARK [2][-]{section*.5}{Dynamical studies of galaxies along the Hubble sequence}{section*.2}% 4
\BOOKMARK [3][-]{section*.6}{Angular momentum and the evolution of galactic dynamics}{section*.5}% 5
\BOOKMARK [3][-]{section*.7}{Tully-Fisher and Faber-Jackson relationships}{section*.5}% 6
\BOOKMARK [2][-]{section*.8}{High-redshifts}{section*.2}% 7
\BOOKMARK [3][-]{section*.9}{Galaxy formation models}{section*.8}% 8
\BOOKMARK [3][-]{section*.10}{Stellar formation}{section*.8}% 9
\BOOKMARK [3][-]{section*.11}{Gas collapse in dark matter halos}{section*.8}% 10
\BOOKMARK [3][-]{section*.12}{Evolution of scaling relations}{section*.8}% 11
\BOOKMARK [2][-]{section*.13}{The Hubble Ultra Deep Field}{section*.2}% 12
\BOOKMARK [3][-]{section*.14}{HST}{section*.13}% 13
\BOOKMARK [3][-]{section*.15}{MUSE}{section*.13}% 14
\BOOKMARK [3][-]{section*.16}{Testing the local-Universe scaling relation}{section*.13}% 15
\BOOKMARK [2][-]{section*.17}{Project}{section*.2}% 16
\BOOKMARK [1][-]{section*.18}{Observations and data analysis}{}% 17
\BOOKMARK [2][-]{section*.19}{HST HUDF}{section*.18}% 18
\BOOKMARK [2][-]{section*.20}{MUSE HUDF}{section*.18}% 19
\BOOKMARK [1][-]{section*.21}{Discussion}{}% 20
\BOOKMARK [2][-]{section*.22}{* vs. OII \046 V* vs. VOII}{section*.21}% 21
\BOOKMARK [2][-]{section*.23}{Voronoi}{section*.21}% 22
\BOOKMARK [2][-]{section*.24}{Galactic classification}{section*.21}% 23
\BOOKMARK [2][-]{section*.25}{Galactic stellar formation}{section*.21}% 24
\BOOKMARK [2][-]{section*.26}{Galactic data}{section*.21}% 25
\BOOKMARK [3][-]{section*.27}{HUDF}{section*.26}% 26
\BOOKMARK [3][-]{section*.28}{MUSE}{section*.26}% 27
\BOOKMARK [2][-]{section*.30}{Project Aims}{section*.21}% 28
\BOOKMARK [1][-]{section*.31}{Analysis}{}% 29
\BOOKMARK [2][-]{section*.32}{Cube extraction}{section*.31}% 30
\BOOKMARK [2][-]{section*.34}{Line fittings and pPXF}{section*.31}% 31
\BOOKMARK [3][-]{section*.35}{Gaussian doublet fitting}{section*.34}% 32
\BOOKMARK [3][-]{section*.36}{pPXF fitting}{section*.34}% 33
\BOOKMARK [1][-]{section*.37}{Conclusions}{}% 34
\BOOKMARK [1][-]{section*.38}{Acknowledgments}{}% 35
\BOOKMARK [1][-]{section*.39}{References}{}% 36
