This is pdfTeX, Version 3.14159265-2.6-1.40.19 (TeX Live 2018) (preloaded format=pdflatex 2018.10.2)  30 MAR 2019 12:36
entering extended mode
 restricted \write18 enabled.
 file:line:error style messages enabled.
 %&-line parsing enabled.
**stars_gas_dynamics.tex
(./stars_gas_dynamics.tex
LaTeX2e <2018-04-01> patch level 2
Babel <3.18> and hyphenation patterns for 84 language(s) loaded.
(/usr/local/texlive/2018/texmf-dist/tex/latex/revtex/revtex4-1.cls
Document Class: revtex4-1 2010/07/25/20:33:00 4.1r (http://publish.aps.org/revt
ex4/ for documentation)
 Copyright (c) 2009 The American Physical Society.
 mailto:revtex@aps.org
 Licensed under the LPPL:
http://www.ctan.org/tex-archive/macros/latex/base/lppl.txt
 Arthur Ogawa <arthur_ogawa at sbcglobal dot net>
 Based on work by David Carlisle <david at dcarlisle.demon.co.uk>.
ltxutil[2010/07/25/20:33:00 4.1r utilities package (portions licensed from W. E
. Baxter web at superscript.com)]
LaTeX Info: Redefining \@centercr on input line 308.
Class revtex4-1 Info: Repairing broken LaTeX eqnarray on input line 358.
\eqncolsep=\skip41
Class revtex4-1 Info: Repairing hyperref-unfriendly LaTeX definition of \mpfoot
note on input line 433.
Class revtex4-1 Info: Repairing broken LateX \@sect on input line 755.
\intertabularlinepenalty=\count80
\@tbpen=\count81
\@arstrutbox@hline=\box26
Class revtex4-1 Info: Repairing broken LaTeX \@xbitor on input line 1786.
Class revtex4-1 Info: Making \typeout \long on input line 2046.
ltxfront[2010/07/25/20:33:00 4.1r frontmatter package (AO,DPC)]
\c@affil=\count82
\c@collab=\count83
\absbox=\box27
ltxgrid[2010/07/25/20:33:00 4.1r page grid package (portions licensed from W. E
. Baxter web at superscript.com)]
\c@linecount=\count84
\output@latex=\toks14
\box@size@1=\box28
\box@size@2=\box29
\@protection@box=\box30
\@topmark@saved=\toks15
\footins@saved=\box31
\footins@recovered=\box32
\column@recovered=\box33
\pagesofar=\box34
\footsofar=\box35
\pagegrid@col=\count85
Class revtex4-1 Info: Overriding \@vspace, \@vspacer, \@no@pgbk, \@newline, and
 \\  on input line 5578.
\c@part=\count86
\c@section=\count87
\c@subsection=\count88
\c@subsubsection=\count89
\c@paragraph=\count90
\c@subparagraph=\count91
\abovecaptionskip=\skip42
\belowcaptionskip=\skip43
\c@figure=\count92
\fbox@1=\box36
\c@table=\count93
\fbox@2=\box37
\c@video=\count94
\fbox@4=\box38
\@bibdataout=\write3
\widetext@top=\box39
\widetext@bot=\box40

Class revtex4-1 Warning: No Society specified, using default society aps.

(/usr/local/texlive/2018/texmf-dist/tex/latex/revtex/aps4-1.rtx
File: aps4-1 2010/07/25/20:33:00 4.1r (http://publish.aps.org/revtex4/ for docu
mentation)
Class revtex4-1 Info: RevTeX society APS selected on input line 31.
)

Class revtex4-1 Warning: No journal specified, using default pra.

Class revtex4-1 Info: APS journal PRA selected on input line 7545.
(/usr/local/texlive/2018/texmf-dist/tex/latex/revtex/aps12pt4-1.rtx
File: aps12pt4-1 2010/07/25/20:33:00 4.1r (http://publish.aps.org/revtex4/ for 
documentation)
Class revtex4-1 Info: RevTeX pointsize 12pt selected on input line 30.
)
(/usr/local/texlive/2018/texmf-dist/tex/latex/textcase/textcase.sty
Package: textcase 2004/10/07 v0.07 Text only upper/lower case changing (DPC)
)
(/usr/local/texlive/2018/texmf-dist/tex/latex/url/url.sty
\Urlmuskip=\muskip10
Package: url 2013/09/16  ver 3.4  Verb mode for urls, etc.
)
(/usr/local/texlive/2018/texmf-dist/tex/latex/natbib/natbib.sty
Package: natbib 2010/09/13 8.31b (PWD, AO)
\bibhang=\skip44
\bibsep=\skip45
LaTeX Info: Redefining \cite on input line 694.
\c@NAT@ctr=\count95
)
Class revtex4-1 Info: Repairing natbib's \BibitemShut on input line 7549.

(/usr/local/texlive/2018/texmf-dist/tex/latex/revtex/revsymb4-1.sty
Package: revsymb4-1 2010/07/25/20:33:00 4.1r (http://publish.aps.org/revtex4/ f
or documentation)
LaTeX Info: Redefining \REV@mathfrak on input line 119.
))
(/usr/local/texlive/2018/texmf-dist/tex/latex/geometry/geometry.sty
Package: geometry 2018/03/24 v5.7 Page Geometry

(/usr/local/texlive/2018/texmf-dist/tex/latex/graphics/keyval.sty
Package: keyval 2014/10/28 v1.15 key=value parser (DPC)
\KV@toks@=\toks16
)
(/usr/local/texlive/2018/texmf-dist/tex/generic/oberdiek/ifpdf.sty
Package: ifpdf 2017/03/15 v3.2 Provides the ifpdf switch
)
(/usr/local/texlive/2018/texmf-dist/tex/generic/oberdiek/ifvtex.sty
Package: ifvtex 2016/05/16 v1.6 Detect VTeX and its facilities (HO)
Package ifvtex Info: VTeX not detected.
)
(/usr/local/texlive/2018/texmf-dist/tex/generic/ifxetex/ifxetex.sty
Package: ifxetex 2010/09/12 v0.6 Provides ifxetex conditional
)
\Gm@cnth=\count96
\Gm@cntv=\count97
\c@Gm@tempcnt=\count98
\Gm@bindingoffset=\dimen102
\Gm@wd@mp=\dimen103
\Gm@odd@mp=\dimen104
\Gm@even@mp=\dimen105
\Gm@layoutwidth=\dimen106
\Gm@layoutheight=\dimen107
\Gm@layouthoffset=\dimen108
\Gm@layoutvoffset=\dimen109
\Gm@dimlist=\toks17
)
(/usr/local/texlive/2018/texmf-dist/tex/latex/ms/ragged2e.sty
Package: ragged2e 2009/05/21 v2.1 ragged2e Package (MS)

(/usr/local/texlive/2018/texmf-dist/tex/latex/ms/everysel.sty
Package: everysel 2011/10/28 v1.2 EverySelectfont Package (MS)
)
\CenteringLeftskip=\skip46
\RaggedLeftLeftskip=\skip47
\RaggedRightLeftskip=\skip48
\CenteringRightskip=\skip49
\RaggedLeftRightskip=\skip50
\RaggedRightRightskip=\skip51
\CenteringParfillskip=\skip52
\RaggedLeftParfillskip=\skip53
\RaggedRightParfillskip=\skip54
\JustifyingParfillskip=\skip55
\CenteringParindent=\skip56
\RaggedLeftParindent=\skip57
\RaggedRightParindent=\skip58
\JustifyingParindent=\skip59
)
(/usr/local/texlive/2018/texmf-dist/tex/latex/subfig/subfig.sty
Package: subfig 2005/06/28 ver: 1.3 subfig package

(/usr/local/texlive/2018/texmf-dist/tex/latex/caption/caption3.sty
Package: caption3 2016/05/22 v1.7-166 caption3 kernel (AR)
Package caption3 Info: TeX engine: e-TeX on input line 67.
\captionmargin=\dimen110
\captionmargin@=\dimen111
\captionwidth=\dimen112
\caption@tempdima=\dimen113
\caption@indent=\dimen114
\caption@parindent=\dimen115
\caption@hangindent=\dimen116
Package caption Info: Unknown document class (or package),
(caption)             standard defaults will be used.
)
\c@KVtest=\count99
\sf@farskip=\skip60
\sf@captopadj=\dimen117
\sf@capskip=\skip61
\sf@nearskip=\skip62
\c@subfigure=\count100
\c@subfigure@save=\count101
\c@lofdepth=\count102
\c@subtable=\count103
\c@subtable@save=\count104
\c@lotdepth=\count105
\sf@top=\skip63
\sf@bottom=\skip64
)
(/usr/local/texlive/2018/texmf-dist/tex/latex/graphics/graphics.sty
Package: graphics 2017/06/25 v1.2c Standard LaTeX Graphics (DPC,SPQR)

(/usr/local/texlive/2018/texmf-dist/tex/latex/graphics/trig.sty
Package: trig 2016/01/03 v1.10 sin cos tan (DPC)
)
(/usr/local/texlive/2018/texmf-dist/tex/latex/graphics-cfg/graphics.cfg
File: graphics.cfg 2016/06/04 v1.11 sample graphics configuration
)
Package graphics Info: Driver file: pdftex.def on input line 99.

(/usr/local/texlive/2018/texmf-dist/tex/latex/graphics-def/pdftex.def
File: pdftex.def 2018/01/08 v1.0l Graphics/color driver for pdftex
))
(/usr/local/texlive/2018/texmf-dist/tex/latex/graphics/graphicx.sty
Package: graphicx 2017/06/01 v1.1a Enhanced LaTeX Graphics (DPC,SPQR)
\Gin@req@height=\dimen118
\Gin@req@width=\dimen119
)
(/usr/local/texlive/2018/texmf-dist/tex/latex/graphics/epsfig.sty
Package: epsfig 2017/06/25 v1.7b (e)psfig emulation (SPQR)
\epsfxsize=\dimen120
\epsfysize=\dimen121
)
(/usr/local/texlive/2018/texmf-dist/tex/generic/ulem/ulem.sty
\UL@box=\box41
\UL@hyphenbox=\box42
\UL@skip=\skip65
\UL@hook=\toks18
\UL@height=\dimen122
\UL@pe=\count106
\UL@pixel=\dimen123
\ULC@box=\box43
Package: ulem 2012/05/18
\ULdepth=\dimen124
)
(/usr/local/texlive/2018/texmf-dist/tex/latex/amsmath/amsmath.sty
Package: amsmath 2017/09/02 v2.17a AMS math features
\@mathmargin=\skip66

For additional information on amsmath, use the `?' option.
(/usr/local/texlive/2018/texmf-dist/tex/latex/amsmath/amstext.sty
Package: amstext 2000/06/29 v2.01 AMS text

(/usr/local/texlive/2018/texmf-dist/tex/latex/amsmath/amsgen.sty
File: amsgen.sty 1999/11/30 v2.0 generic functions
\@emptytoks=\toks19
\ex@=\dimen125
)
LaTeX Info: Redefining \text on input line 28.
)
(/usr/local/texlive/2018/texmf-dist/tex/latex/amsmath/amsbsy.sty
Package: amsbsy 1999/11/29 v1.2d Bold Symbols
\pmbraise@=\dimen126
)
(/usr/local/texlive/2018/texmf-dist/tex/latex/amsmath/amsopn.sty
Package: amsopn 2016/03/08 v2.02 operator names
)
\inf@bad=\count107
LaTeX Info: Redefining \frac on input line 213.
\uproot@=\count108
\leftroot@=\count109
LaTeX Info: Redefining \overline on input line 375.
\classnum@=\count110
\DOTSCASE@=\count111
LaTeX Info: Redefining \ldots on input line 472.
LaTeX Info: Redefining \dots on input line 475.
LaTeX Info: Redefining \cdots on input line 596.
\Mathstrutbox@=\box44
\strutbox@=\box45
\big@size=\dimen127
LaTeX Font Info:    Redeclaring font encoding OML on input line 712.
LaTeX Font Info:    Redeclaring font encoding OMS on input line 713.
\macc@depth=\count112
\c@MaxMatrixCols=\count113
\dotsspace@=\muskip11
\c@parentequation=\count114
\dspbrk@lvl=\count115
\tag@help=\toks20
\row@=\count116
\column@=\count117
\maxfields@=\count118
\andhelp@=\toks21
\eqnshift@=\dimen128
\alignsep@=\dimen129
\tagshift@=\dimen130
\tagwidth@=\dimen131
\totwidth@=\dimen132
\lineht@=\dimen133
\@envbody=\toks22
\multlinegap=\skip67
\multlinetaggap=\skip68
\mathdisplay@stack=\toks23
LaTeX Info: Redefining \[ on input line 2817.
LaTeX Info: Redefining \] on input line 2818.
)
(/usr/local/texlive/2018/texmf-dist/tex/latex/etoolbox/etoolbox.sty
Package: etoolbox 2018/02/11 v2.5e e-TeX tools for LaTeX (JAW)
\etb@tempcnta=\count119
)
(/usr/local/texlive/2018/texmf-dist/tex/latex/fancyhdr/fancyhdr.sty
Package: fancyhdr 2017/06/30 v3.9a Extensive control of page headers and footer
s
\f@nch@headwidth=\skip69
\f@nch@O@elh=\skip70
\f@nch@O@erh=\skip71
\f@nch@O@olh=\skip72
\f@nch@O@orh=\skip73
\f@nch@O@elf=\skip74
\f@nch@O@erf=\skip75
\f@nch@O@olf=\skip76
\f@nch@O@orf=\skip77
)
(/usr/local/texlive/2018/texmf-dist/tex/generic/babel/babel.sty
Package: babel 2018/02/14 3.18 The Babel package

(/usr/local/texlive/2018/texmf-dist/tex/generic/babel/switch.def
File: switch.def 2018/02/14 3.18 Babel switching mechanism
)
(/usr/local/texlive/2018/texmf-dist/tex/generic/babel-english/UKenglish.ldf
Language: UKenglish 2017/06/06 v3.3r English support from the babel system

(/usr/local/texlive/2018/texmf-dist/tex/generic/babel-english/english.ldf
Language: english 2017/06/06 v3.3r English support from the babel system

(/usr/local/texlive/2018/texmf-dist/tex/generic/babel/babel.def
File: babel.def 2018/02/14 3.18 Babel common definitions
\babel@savecnt=\count120
\U@D=\dimen134

(/usr/local/texlive/2018/texmf-dist/tex/generic/babel/txtbabel.def)
\bbl@dirlevel=\count121
)
\l@canadian = a dialect from \language\l@american 
\l@australian = a dialect from \language\l@british 
\l@newzealand = a dialect from \language\l@british 
)))
(/usr/local/texlive/2018/texmf-dist/tex/latex/hyperref/hyperref.sty
Package: hyperref 2018/02/06 v6.86b Hypertext links for LaTeX

(/usr/local/texlive/2018/texmf-dist/tex/generic/oberdiek/hobsub-hyperref.sty
Package: hobsub-hyperref 2016/05/16 v1.14 Bundle oberdiek, subset hyperref (HO)


(/usr/local/texlive/2018/texmf-dist/tex/generic/oberdiek/hobsub-generic.sty
Package: hobsub-generic 2016/05/16 v1.14 Bundle oberdiek, subset generic (HO)
Package: hobsub 2016/05/16 v1.14 Construct package bundles (HO)
Package: infwarerr 2016/05/16 v1.4 Providing info/warning/error messages (HO)
Package: ltxcmds 2016/05/16 v1.23 LaTeX kernel commands for general use (HO)
Package: ifluatex 2016/05/16 v1.4 Provides the ifluatex switch (HO)
Package ifluatex Info: LuaTeX not detected.
Package hobsub Info: Skipping package `ifvtex' (already loaded).
Package: intcalc 2016/05/16 v1.2 Expandable calculations with integers (HO)
Package hobsub Info: Skipping package `ifpdf' (already loaded).
Package: etexcmds 2016/05/16 v1.6 Avoid name clashes with e-TeX commands (HO)
Package etexcmds Info: Could not find \expanded.
(etexcmds)             That can mean that you are not using pdfTeX 1.50 or
(etexcmds)             that some package has redefined \expanded.
(etexcmds)             In the latter case, load this package earlier.
Package: kvsetkeys 2016/05/16 v1.17 Key value parser (HO)
Package: kvdefinekeys 2016/05/16 v1.4 Define keys (HO)
Package: pdftexcmds 2018/01/30 v0.27 Utility functions of pdfTeX for LuaTeX (HO
)
Package pdftexcmds Info: LuaTeX not detected.
Package pdftexcmds Info: \pdf@primitive is available.
Package pdftexcmds Info: \pdf@ifprimitive is available.
Package pdftexcmds Info: \pdfdraftmode found.
Package: pdfescape 2016/05/16 v1.14 Implements pdfTeX's escape features (HO)
Package: bigintcalc 2016/05/16 v1.4 Expandable calculations on big integers (HO
)
Package: bitset 2016/05/16 v1.2 Handle bit-vector datatype (HO)
Package: uniquecounter 2016/05/16 v1.3 Provide unlimited unique counter (HO)
)
Package hobsub Info: Skipping package `hobsub' (already loaded).
Package: letltxmacro 2016/05/16 v1.5 Let assignment for LaTeX macros (HO)
Package: hopatch 2016/05/16 v1.3 Wrapper for package hooks (HO)
Package: xcolor-patch 2016/05/16 xcolor patch
Package: atveryend 2016/05/16 v1.9 Hooks at the very end of document (HO)
Package: atbegshi 2016/06/09 v1.18 At begin shipout hook (HO)
Package: refcount 2016/05/16 v3.5 Data extraction from label references (HO)
Package: hycolor 2016/05/16 v1.8 Color options for hyperref/bookmark (HO)
)
(/usr/local/texlive/2018/texmf-dist/tex/latex/oberdiek/auxhook.sty
Package: auxhook 2016/05/16 v1.4 Hooks for auxiliary files (HO)
)
(/usr/local/texlive/2018/texmf-dist/tex/latex/oberdiek/kvoptions.sty
Package: kvoptions 2016/05/16 v3.12 Key value format for package options (HO)
)
\@linkdim=\dimen135
\Hy@linkcounter=\count122
\Hy@pagecounter=\count123

(/usr/local/texlive/2018/texmf-dist/tex/latex/hyperref/pd1enc.def
File: pd1enc.def 2018/02/06 v6.86b Hyperref: PDFDocEncoding definition (HO)
Now handling font encoding PD1 ...
... no UTF-8 mapping file for font encoding PD1
)
\Hy@SavedSpaceFactor=\count124

(/usr/local/texlive/2018/texmf-dist/tex/latex/latexconfig/hyperref.cfg
File: hyperref.cfg 2002/06/06 v1.2 hyperref configuration of TeXLive
)
Package hyperref Info: Option `colorlinks' set `true' on input line 4383.
Package hyperref Info: Hyper figures OFF on input line 4509.
Package hyperref Info: Link nesting OFF on input line 4514.
Package hyperref Info: Hyper index ON on input line 4517.
Package hyperref Info: Plain pages OFF on input line 4524.
Package hyperref Info: Backreferencing OFF on input line 4529.
Package hyperref Info: Implicit mode ON; LaTeX internals redefined.
Package hyperref Info: Bookmarks ON on input line 4762.
LaTeX Info: Redefining \href on input line 5026.
\c@Hy@tempcnt=\count125
LaTeX Info: Redefining \url on input line 5115.
\XeTeXLinkMargin=\dimen136
\Fld@menulength=\count126
\Field@Width=\dimen137
\Fld@charsize=\dimen138
Package hyperref Info: Hyper figures OFF on input line 6369.
Package hyperref Info: Link nesting OFF on input line 6374.
Package hyperref Info: Hyper index ON on input line 6377.
Package hyperref Info: backreferencing OFF on input line 6384.
Package hyperref Info: Link coloring ON on input line 6387.
Package hyperref Info: Link coloring with OCG OFF on input line 6394.
Package hyperref Info: PDF/A mode OFF on input line 6399.
LaTeX Info: Redefining \ref on input line 6439.
LaTeX Info: Redefining \pageref on input line 6443.
\Hy@abspage=\count127
\c@Item=\count128
\c@Hfootnote=\count129
)
Package hyperref Info: Driver (autodetected): hpdftex.

(/usr/local/texlive/2018/texmf-dist/tex/latex/hyperref/hpdftex.def
File: hpdftex.def 2018/02/06 v6.86b Hyperref driver for pdfTeX
\Fld@listcount=\count130
\c@bookmark@seq@number=\count131

(/usr/local/texlive/2018/texmf-dist/tex/latex/oberdiek/rerunfilecheck.sty
Package: rerunfilecheck 2016/05/16 v1.8 Rerun checks for auxiliary files (HO)
Package uniquecounter Info: New unique counter `rerunfilecheck' on input line 2
82.
)
\Hy@SectionHShift=\skip78
)
Package hyperref Info: Option `linktocpage' set `true' on input line 42.
Package hyperref Info: Option `colorlinks' set `true' on input line 42.

(/usr/local/texlive/2018/texmf-dist/tex/latex/tools/tabularx.sty
Package: tabularx 2016/02/03 v2.11b `tabularx' package (DPC)

(/usr/local/texlive/2018/texmf-dist/tex/latex/tools/array.sty
Package: array 2018/04/07 v2.4g Tabular extension package (FMi)
\col@sep=\dimen139
\ar@mcellbox=\box46
\extrarowheight=\dimen140
\NC@list=\toks24
\extratabsurround=\skip79
\backup@length=\skip80
\ar@cellbox=\box47
)
\TX@col@width=\dimen141
\TX@old@table=\dimen142
\TX@old@col=\dimen143
\TX@target=\dimen144
\TX@delta=\dimen145
\TX@cols=\count132
\TX@ftn=\toks25
)
(/usr/local/texlive/2018/texmf-dist/tex/latex/graphics/rotating.sty
Package: rotating 2016/08/11 v2.16d rotated objects in LaTeX

(/usr/local/texlive/2018/texmf-dist/tex/latex/base/ifthen.sty
Package: ifthen 2014/09/29 v1.1c Standard LaTeX ifthen package (DPC)
)
\c@r@tfl@t=\count133
\rotFPtop=\skip81
\rotFPbot=\skip82
\rot@float@box=\box48
\rot@mess@toks=\toks26
)
(/usr/local/texlive/2018/texmf-dist/tex/latex/enumitem/enumitem.sty
Package: enumitem 2011/09/28 v3.5.2 Customized lists
\labelindent=\skip83
\enit@outerparindent=\dimen146
\enit@toks=\toks27
\enit@inbox=\box49
\enitdp@description=\count134
)
(/usr/local/texlive/2018/texmf-dist/tex/latex/tools/afterpage.sty
Package: afterpage 2014/10/28 v1.08 After-Page Package (DPC)
\AP@output=\toks28
\AP@partial=\box50
\AP@footins=\box51
)
(/usr/local/texlive/2018/texmf-dist/tex/latex/titlesec/titlesec.sty
Package: titlesec 2016/03/21 v2.10.2 Sectioning titles
\ttl@box=\box52
\beforetitleunit=\skip84
\aftertitleunit=\skip85
\ttl@plus=\dimen147
\ttl@minus=\dimen148
\ttl@toksa=\toks29
\titlewidth=\dimen149
\titlewidthlast=\dimen150
\titlewidthfirst=\dimen151
)
Class revtex4-1 Info: Unrecognized array package. Please update this document c
lass! (Proceeding with fingers crossed.) on input line 117.
Class revtex4-1 Info: Robustifying \LaTeX's \boldmath command on input line 117
.
Class revtex4-1 Info: cite was not loaded (OK!) on input line 117.
Class revtex4-1 Info: mcite was not loaded (OK!) on input line 117.
Class revtex4-1 Info: multicol was not loaded (OK!) on input line 117.

(./stars_gas_dynamics.aux)
\openout1 = `stars_gas_dynamics.aux'.

LaTeX Font Info:    Checking defaults for OML/cmm/m/it on input line 117.
LaTeX Font Info:    ... okay on input line 117.
LaTeX Font Info:    Checking defaults for T1/cmr/m/n on input line 117.
LaTeX Font Info:    ... okay on input line 117.
LaTeX Font Info:    Checking defaults for OT1/cmr/m/n on input line 117.
LaTeX Font Info:    ... okay on input line 117.
LaTeX Font Info:    Checking defaults for OMS/cmsy/m/n on input line 117.
LaTeX Font Info:    ... okay on input line 117.
LaTeX Font Info:    Checking defaults for OMX/cmex/m/n on input line 117.
LaTeX Font Info:    ... okay on input line 117.
LaTeX Font Info:    Checking defaults for U/cmr/m/n on input line 117.
LaTeX Font Info:    ... okay on input line 117.
LaTeX Font Info:    Checking defaults for PD1/pdf/m/n on input line 117.
LaTeX Font Info:    ... okay on input line 117.

*geometry* driver: auto-detecting
*geometry* detected driver: pdftex
*geometry* verbose mode - [ preamble ] result:
* driver: pdftex
* paper: a4paper
* layout: <same size as paper>
* layoutoffset:(h,v)=(0.0pt,0.0pt)
* modes: 
* h-part:(L,W,R)=(71.13188pt, 455.24411pt, 71.13188pt)
* v-part:(T,H,B)=(71.13188pt, 702.78308pt, 71.13188pt)
* \paperwidth=597.50787pt
* \paperheight=845.04684pt
* \textwidth=455.24411pt
* \textheight=702.78308pt
* \oddsidemargin=-1.1381pt
* \evensidemargin=-1.1381pt
* \topmargin=-38.1381pt
* \headheight=12.0pt
* \headsep=25.0pt
* \topskip=10.0pt
* \footskip=30.0pt
* \marginparwidth=44.0pt
* \marginparsep=10.0pt
* \columnsep=10.0pt
* \skip\footins=25.25pt plus 4.0pt minus 12.0pt
* \hoffset=0.0pt
* \voffset=0.0pt
* \mag=1000
* \@twocolumnfalse
* \@twosidefalse
* \@mparswitchfalse
* \@reversemarginfalse
* (1in=72.27pt=25.4mm, 1cm=28.453pt)

ABD: EverySelectfont initializing macros
LaTeX Info: Redefining \selectfont on input line 117.
Package caption Info: Begin \AtBeginDocument code.
Package caption Info: subfig package v1.3 is loaded.
Package caption Info: End \AtBeginDocument code.

(/usr/local/texlive/2018/texmf-dist/tex/context/base/mkii/supp-pdf.mkii
[Loading MPS to PDF converter (version 2006.09.02).]
\scratchcounter=\count135
\scratchdimen=\dimen152
\scratchbox=\box53
\nofMPsegments=\count136
\nofMParguments=\count137
\everyMPshowfont=\toks30
\MPscratchCnt=\count138
\MPscratchDim=\dimen153
\MPnumerator=\count139
\makeMPintoPDFobject=\count140
\everyMPtoPDFconversion=\toks31
) (/usr/local/texlive/2018/texmf-dist/tex/latex/oberdiek/epstopdf-base.sty
Package: epstopdf-base 2016/05/15 v2.6 Base part for package epstopdf

(/usr/local/texlive/2018/texmf-dist/tex/latex/oberdiek/grfext.sty
Package: grfext 2016/05/16 v1.2 Manage graphics extensions (HO)
)
Package epstopdf-base Info: Redefining graphics rule for `.eps' on input line 4
38.
Package grfext Info: Graphics extension search list:
(grfext)             [.pdf,.png,.jpg,.mps,.jpeg,.jbig2,.jb2,.PDF,.PNG,.JPG,.JPE
G,.JBIG2,.JB2,.eps]
(grfext)             \AppendGraphicsExtensions on input line 456.

(/usr/local/texlive/2018/texmf-dist/tex/latex/latexconfig/epstopdf-sys.cfg
File: epstopdf-sys.cfg 2010/07/13 v1.3 Configuration of (r)epstopdf for TeX Liv
e
))
\AtBeginShipoutBox=\box54

(/usr/local/texlive/2018/texmf-dist/tex/latex/graphics/color.sty
Package: color 2016/07/10 v1.1e Standard LaTeX Color (DPC)

(/usr/local/texlive/2018/texmf-dist/tex/latex/graphics-cfg/color.cfg
File: color.cfg 2016/01/02 v1.6 sample color configuration
)
Package color Info: Driver file: pdftex.def on input line 147.
)
Package hyperref Info: Link coloring ON on input line 117.

(/usr/local/texlive/2018/texmf-dist/tex/latex/hyperref/nameref.sty
Package: nameref 2016/05/21 v2.44 Cross-referencing by name of section

(/usr/local/texlive/2018/texmf-dist/tex/generic/oberdiek/gettitlestring.sty
Package: gettitlestring 2016/05/16 v1.5 Cleanup title references (HO)
)
\c@section@level=\count141
)
LaTeX Info: Redefining \ref on input line 117.
LaTeX Info: Redefining \pageref on input line 117.
LaTeX Info: Redefining \nameref on input line 117.

(./stars_gas_dynamics.out) (./stars_gas_dynamics.out)
\@outlinefile=\write4
\openout4 = `stars_gas_dynamics.out'.

Class revtex4-1 Info: Taking \maketitle back from hyperref on input line 117.
\openout3 = `stars_gas_dynamicsNotes.bib'.

<other/durham_university.pdf, id=128, 340.27126pt x 200.75pt>
File: other/durham_university.pdf Graphic file (type pdf)
<use other/durham_university.pdf>
Package pdftex.def Info: other/durham_university.pdf  used on input line 130.
(pdftex.def)             Requested size: 227.62206pt x 134.29042pt.
 [1{/usr/local/texlive/2018/texmf-var/fonts/map/pdftex/updmap/pdftex.map} <./ot
her/durham_university.pdf>] (./stars_gas_dynamics.toc)
\tf@toc=\write5
\openout5 = `stars_gas_dynamics.toc'.

<introduction/hubble-tuning-fork-diagram.jpg, id=177, 1084.05pt x 813.0375pt>
File: introduction/hubble-tuning-fork-diagram.jpg Graphic file (type jpg)
<use introduction/hubble-tuning-fork-diagram.jpg>
Package pdftex.def Info: introduction/hubble-tuning-fork-diagram.jpg  used on i
nput line 158.
(pdftex.def)             Requested size: 455.24411pt x 341.4362pt.


Package Fancyhdr Warning: \headheight is too small (12.0pt): 
 Make it at least 14.49998pt.
 We now make it that large for the rest of the document.
 This may cause the page layout to be inconsistent, however.

[2] [3 <./introduction/hubble-tuning-fork-diagram.jpg>]
<introduction/romanowsky_2012_fig_3.pdf, id=218, 276.03125pt x 276.03125pt>
File: introduction/romanowsky_2012_fig_3.pdf Graphic file (type pdf)
<use introduction/romanowsky_2012_fig_3.pdf>
Package pdftex.def Info: introduction/romanowsky_2012_fig_3.pdf  used on input 
line 181.
(pdftex.def)             Requested size: 222.62206pt x 222.63219pt.
<introduction/hudf_frame.pdf, id=223, 795.97375pt x 393.47pt>
File: introduction/hudf_frame.pdf Graphic file (type pdf)
<use introduction/hudf_frame.pdf>
Package pdftex.def Info: introduction/hudf_frame.pdf  used on input line 234.
(pdftex.def)             Requested size: 455.24411pt x 225.0367pt.
<introduction/spectral_types.pdf, id=246, 971.82426pt x 1126.3364pt>
File: introduction/spectral_types.pdf Graphic file (type pdf)
<use introduction/spectral_types.pdf>
Package pdftex.def Info: introduction/spectral_types.pdf  used on input line 27
7.
(pdftex.def)             Requested size: 455.24411pt x 527.62517pt.

Underfull \hbox (badness 1009) in paragraph at lines 289--290
[]\OT1/cmr/m/n/12 In Sec-tion [][]33.5[][], the meth-od-o-logy of
 []

[4 <./introduction/romanowsky_2012_fig_3.pdf>]
<data/o_ii_luminosity_vs_redshift.pdf, id=274, 455.30101pt x 337.18498pt>
File: data/o_ii_luminosity_vs_redshift.pdf Graphic file (type pdf)
<use data/o_ii_luminosity_vs_redshift.pdf>
Package pdftex.def Info: data/o_ii_luminosity_vs_redshift.pdf  used on input li
ne 299.
(pdftex.def)             Requested size: 222.62206pt x 164.86707pt.
<data/image_sn_vs_vband.pdf, id=276, 456.28467pt x 335.5574pt>
File: data/image_sn_vs_vband.pdf Graphic file (type pdf)
<use data/image_sn_vs_vband.pdf>
Package pdftex.def Info: data/image_sn_vs_vband.pdf  used on input line 311.
(pdftex.def)             Requested size: 227.62206pt x 167.39427pt.
<data/sn_vs_vband.pdf, id=277, 455.30101pt x 335.5574pt>
File: data/sn_vs_vband.pdf Graphic file (type pdf)
<use data/sn_vs_vband.pdf>
Package pdftex.def Info: data/sn_vs_vband.pdf  used on input line 315.
(pdftex.def)             Requested size: 227.62206pt x 167.7578pt.


Package hyperref Warning: Token not allowed in a PDF string (PDFDocEncoding):
(hyperref)                removing `math shift' on input line 400.


Package hyperref Warning: Token not allowed in a PDF string (PDFDocEncoding):
(hyperref)                removing `\sigma' on input line 400.


Package hyperref Warning: Token not allowed in a PDF string (PDFDocEncoding):
(hyperref)                removing `math shift' on input line 400.

<data/cube_1804_spectra_complete.pdf, id=284, 570.08069pt x 209.44595pt>
File: data/cube_1804_spectra_complete.pdf Graphic file (type pdf)
<use data/cube_1804_spectra_complete.pdf>
Package pdftex.def Info: data/cube_1804_spectra_complete.pdf  used on input lin
e 403.
(pdftex.def)             Requested size: 455.24411pt x 167.25977pt.
<data/sigma_star_vs_sigma_oii.pdf, id=285, 456.28467pt x 338.91882pt>
File: data/sigma_star_vs_sigma_oii.pdf Graphic file (type pdf)
<use data/sigma_star_vs_sigma_oii.pdf>
Package pdftex.def Info: data/sigma_star_vs_sigma_oii.pdf  used on input line 4
09.
(pdftex.def)             Requested size: 222.62206pt x 165.358pt.
<data/ppxf_sigma_frac_error_vs_sn.pdf, id=286, 455.30101pt x 338.91882pt>
File: data/ppxf_sigma_frac_error_vs_sn.pdf Graphic file (type pdf)
<use data/ppxf_sigma_frac_error_vs_sn.pdf>
Package pdftex.def Info: data/ppxf_sigma_frac_error_vs_sn.pdf  used on input li
ne 418.
(pdftex.def)             Requested size: 225.3436pt x 167.74205pt.
<data/lmfit_sigma_frac_error_vs_sn.pdf, id=287, 455.30101pt x 337.29124pt>
File: data/lmfit_sigma_frac_error_vs_sn.pdf Graphic file (type pdf)
<use data/lmfit_sigma_frac_error_vs_sn.pdf>
Package pdftex.def Info: data/lmfit_sigma_frac_error_vs_sn.pdf  used on input l
ine 421.
(pdftex.def)             Requested size: 225.3436pt x 166.93651pt.
<data/ppxf_vel_frac_error_vs_sn.pdf, id=288, 455.30101pt x 338.91882pt>
File: data/ppxf_vel_frac_error_vs_sn.pdf Graphic file (type pdf)
<use data/ppxf_vel_frac_error_vs_sn.pdf>
Package pdftex.def Info: data/ppxf_vel_frac_error_vs_sn.pdf  used on input line
 424.
(pdftex.def)             Requested size: 225.3436pt x 167.74205pt.
<data/lmfit_vel_frac_error_vs_sn.pdf, id=289, 455.30101pt x 338.91882pt>
File: data/lmfit_vel_frac_error_vs_sn.pdf Graphic file (type pdf)
<use data/lmfit_vel_frac_error_vs_sn.pdf>
Package pdftex.def Info: data/lmfit_vel_frac_error_vs_sn.pdf  used on input lin
e 427.
(pdftex.def)             Requested size: 225.3436pt x 167.74205pt.
<data/sigma_stars_old_vs_new.pdf, id=290, 455.30101pt x 337.29124pt>
File: data/sigma_stars_old_vs_new.pdf Graphic file (type pdf)
<use data/sigma_stars_old_vs_new.pdf>
Package pdftex.def Info: data/sigma_stars_old_vs_new.pdf  used on input line 44
0.
(pdftex.def)             Requested size: 222.62206pt x 164.91902pt.
<data/vel_star_vs_vel_oii.pdf, id=291, 456.28467pt x 340.03171pt>
File: data/vel_star_vs_vel_oii.pdf Graphic file (type pdf)
<use data/vel_star_vs_vel_oii.pdf>
Package pdftex.def Info: data/vel_star_vs_vel_oii.pdf  used on input line 452.
(pdftex.def)             Requested size: 222.62206pt x 165.90099pt.
<data/spectra_complete_velocities.pdf, id=292, 3738.16277pt x 2264.21568pt>
File: data/spectra_complete_velocities.pdf Graphic file (type pdf)
<use data/spectra_complete_velocities.pdf>
Package pdftex.def Info: data/spectra_complete_velocities.pdf  used on input li
ne 467.
(pdftex.def)             Requested size: 702.78612pt x 421.67183pt.
[5 <./introduction/hudf_frame.pdf>] [6 <./introduction/spectral_types.pdf>]

LaTeX Warning: A float is stuck (cannot be placed); try class option [floatfix]
 on input line 484.

[7]

LaTeX Warning: A float is stuck (cannot be placed); try class option [floatfix]
 on input line 484.

[8 <./data/o_ii_luminosity_vs_redshift.pdf>] [9 <./data/image_sn_vs_vband.pdf> 
<./data/sn_vs_vband.pdf

pdfTeX warning: /Library/TeX/texbin/pdflatex (file ./data/sn_vs_vband.pdf): PDF
 inclusion: multiple pdfs with page group included in a single page
> <./data/cube_1804_spectra_complete.pdf

pdfTeX warning: /Library/TeX/texbin/pdflatex (file ./data/cube_1804_spectra_com
plete.pdf): PDF inclusion: multiple pdfs with page group included in a single p
age
>]

LaTeX Warning: A float is stuck (cannot be placed); try class option [floatfix]
 on input line 516.

[10 <./data/sigma_star_vs_sigma_oii.pdf>]
Underfull \hbox (badness 2469) in paragraph at lines 545--546
[]\OT1/cmr/m/n/12 Through con-ten-tious de-bate and re-
 []


Underfull \hbox (badness 5105) in paragraph at lines 545--546
\OT1/cmr/m/n/12 at-tempt to ex-plain galactic evol-u-tion.
 []

[11 <./data/ppxf_sigma_frac_error_vs_sn.pdf> <./data/lmfit_sigma_frac_error_vs_
sn.pdf

pdfTeX warning: /Library/TeX/texbin/pdflatex (file ./data/lmfit_sigma_frac_erro
r_vs_sn.pdf): PDF inclusion: multiple pdfs with page group included in a single
 page
> <./data/ppxf_vel_frac_error_vs_sn.pdf

pdfTeX warning: /Library/TeX/texbin/pdflatex (file ./data/ppxf_vel_frac_error_v
s_sn.pdf): PDF inclusion: multiple pdfs with page group included in a single pa
ge
> <./data/lmfit_vel_frac_error_vs_sn.pdf

pdfTeX warning: /Library/TeX/texbin/pdflatex (file ./data/lmfit_vel_frac_error_
vs_sn.pdf): PDF inclusion: multiple pdfs with page group included in a single p
age
>]

LaTeX Warning: A float is stuck (cannot be placed); try class option [floatfix]
 on input line 548.


Underfull \hbox (badness 1430) in paragraph at lines 551--552
\OT1/cmr/m/n/12 with the \OT1/cmr/m/it/12 Har-vard Spec-tral Clas-si-fic-a-tion

 []


Underfull \hbox (badness 1107) in paragraph at lines 559--560
[]\OT1/cmr/m/n/12 For an in-vest-ig-a-tion of galax-ies, one
 []

[12 <./data/sigma_stars_old_vs_new.pdf> <./data/vel_star_vs_vel_oii.pdf

pdfTeX warning: /Library/TeX/texbin/pdflatex (file ./data/vel_star_vs_vel_oii.p
df): PDF inclusion: multiple pdfs with page group included in a single page
>] [13 <./data/spectra_complete_velocities.pdf>]
Underfull \hbox (badness 1342) in paragraph at lines 606--607
[]\OT1/cmr/m/n/12 To be-gin with, galax-ies were iden-ti-
 []


Underfull \hbox (badness 1024) in paragraph at lines 606--607
\OT1/cmr/m/n/12 tects, de-blends, meas-ures and clas-si-fies
 []

[14]
Overfull \hbox (2.32982pt too wide) detected at line 643
 []$[]  \OML/cmm/m/it/12 f[]\OT1/cmr/m/n/12 (\OML/cmm/m/it/12 x\OT1/cmr/m/n/12 
) = \OML/cmm/m/it/12 cx \OT1/cmr/m/n/12 + [] [] []$ 
 []


Underfull \hbox (badness 1163) in paragraph at lines 657--658
\OT1/cmr/m/n/12 doublet, a com-par-ison to galactic stars
 []


Underfull \hbox (badness 1038) in paragraph at lines 657--658
\OT1/cmr/m/n/12 ap-plied, Cap-pel-lari ([][]2017[][]) de-scribes the
 []

[15]
<data/oii_ppxf_vs_oii_lmfit.pdf, id=860, 462.52798pt x 346.89601pt>
File: data/oii_ppxf_vs_oii_lmfit.pdf Graphic file (type pdf)
<use data/oii_ppxf_vs_oii_lmfit.pdf>
Package pdftex.def Info: data/oii_ppxf_vs_oii_lmfit.pdf  used on input line 678
.
(pdftex.def)             Requested size: 222.62206pt x 166.96869pt.


LaTeX Warning: Reference `fig:sn_difference' on page 16 undefined on input line
 685.

[16 <./data/oii_ppxf_vs_oii_lmfit.pdf>]
Underfull \hbox (badness 10000) in paragraph at lines 705--707
\OT1/cmr/m/n/12 The au-thor would like to thank
 []

(./stars_gas_dynamics.bbl
Underfull \hbox (badness 10000) in paragraph at lines 5--10
 \OT1/cmr/m/n/10.95 DR7', [][]$\OT1/cmtt/m/n/10.95 http : / / classic . sdss . 
org / dr7 /
 []


Underfull \hbox (badness 10000) in paragraph at lines 12--16
 [][]$\OT1/cmtt/m/n/10.95 http : / / col21-[]perceret . ac-[]dijon . fr /
 []


Underfull \hbox (badness 1484) in paragraph at lines 43--46
 \OT1/cmr/m/n/10.95 with Gauss-Hermite func-tions', |   []
 []


Underfull \hbox (badness 10000) in paragraph at lines 53--57
 []\OT1/cmr/m/n/10.95 Charity, M. (2016), `What color are
 []


Underfull \hbox (badness 2189) in paragraph at lines 53--57
 \OT1/cmr/m/n/10.95 the stars? - some pixel rgb val-ues',
 []


Underfull \hbox (badness 10000) in paragraph at lines 53--57
 [][]$\OT1/cmtt/m/n/10.95 http : / / www . vendian . org / mncharity /
 []


Underfull \hbox (badness 10000) in paragraph at lines 60--64
 \OT1/cmr/m/n/10.95 Im-plic-a-tions', |   []
 []


Underfull \hbox (badness 2689) in paragraph at lines 77--80
 []\OT1/cmr/m/n/10.95 de Vauc-ouleurs, G. (1959), `Clas-si-fic-a-tion
 []


Underfull \hbox (badness 1742) in paragraph at lines 77--80
 \OT1/cmr/m/n/10.95 and Mor-pho-logy of Ex-ternal Galax-ies.',
 []


Underfull \hbox (badness 4805) in paragraph at lines 82--86
 []\OT1/cmr/m/n/10.95 Fall, S. M. (1983), |   []   |   []
 []


Underfull \hbox (badness 1052) in paragraph at lines 82--86
 |   []   |   []   |   []   |   []\OT1/cmr/m/n/10.95 , Vol. 100 of
 []


Underfull \hbox (badness 3417) in paragraph at lines 82--86
 |   []   |   []   |   []
 []


Underfull \hbox (badness 10000) in paragraph at lines 82--86
 |   []   |   []\OT1/cmr/m/n/10.95 , Springer,
 []


Underfull \hbox (badness 1412) in paragraph at lines 82--86
 \OT1/cmr/m/n/10.95 is-ons Between The-ory and Ob-ser-va-tion,
 []


Underfull \hbox (badness 4048) in paragraph at lines 89--92
 []\OT1/cmr/m/n/10.95 Henault, F., Ba-con, R., Bon-neville, C.
 []


Underfull \hbox (badness 1946) in paragraph at lines 100--106
 \OT1/cmr/m/n/10.95 M., Car-ollo, C. M. and Gonza-lez, V.
 []


Underfull \hbox (badness 1472) in paragraph at lines 100--106
 \OT1/cmr/m/n/10.95 (2013), `The HST eX-treme Deep Field
 []


Underfull \hbox (badness 1377) in paragraph at lines 109--112
 \OT1/cmr/m/n/10.95 tian, C. A. (1984), `A lib-rary of stel-
 []


Underfull \hbox (badness 1107) in paragraph at lines 109--112
 \OT1/cmr/m/n/10.95 lar spec-tra.', |   []   |   []   |   []
 []

[17]
Underfull \hbox (badness 3281) in paragraph at lines 151--155
 \OT1/cmr/m/n/10.95 Coe, D. et al. (2015), `UVUDF: Ul-
 []


Underfull \hbox (badness 1881) in paragraph at lines 151--155
 \OT1/cmr/m/n/10.95 tra-vi-olet Through Near-infrared Cata-log
 []


Underfull \hbox (badness 3098) in paragraph at lines 151--155
 \OT1/cmr/m/n/10.95 and Pho-to-met-ric Red-shifts of Galax-ies
 []


Underfull \hbox (badness 1635) in paragraph at lines 151--155
 \OT1/cmr/m/n/10.95 in the Hubble Ul-tra Deep Field', |   []
 []


Underfull \hbox (badness 10000) in paragraph at lines 162--164
 []\OT1/cmr/m/n/10.95 Sandage, A. (1961),
 []


Underfull \hbox (badness 10000) in paragraph at lines 162--164
 |   []\OT1/cmr/m/n/10.95 , Carne-gie
 []


Underfull \hbox (badness 1142) in paragraph at lines 166--169
 |   []\OT1/cmr/m/n/10.95 , the Uni-ver-sity of Chicago
 []


Underfull \hbox (badness 2521) in paragraph at lines 171--174
 []\OT1/cmr/m/n/10.95 Sandage, A. and Bedke, J. (1994), |   []
 []


Underfull \hbox (badness 1776) in paragraph at lines 198--202
 \OT1/cmr/m/n/10.95 Pho-to-metry', |   []   |   []   |   []
 []

) [18]
Package atveryend Info: Executing hook `AtVeryEndDocument' on input line 753.
 [19]
Package atveryend Info: Empty hook `AfterLastShipout' on input line 753.
 (./stars_gas_dynamics.aux)
Package atveryend Info: Executing hook `AtEndAfterFileList' on input line 753.
Package rerunfilecheck Info: File `stars_gas_dynamics.out' has not changed.
(rerunfilecheck)             Checksum: 1C174482EB0DF83A9D302559D7626B69;2305.


LaTeX Warning: There were undefined references.


LaTeX Warning: Label(s) may have changed. Rerun to get cross-references right .


 ) 
Here is how much of TeX's memory you used:
 10922 strings out of 492649
 161349 string characters out of 6129622
 321519 words of memory out of 5000000
 14525 multiletter control sequences out of 15000+600000
 12839 words of font info for 46 fonts, out of 8000000 for 9000
 1141 hyphenation exceptions out of 8191
 36i,15n,43p,2608b,527s stack positions out of 5000i,500n,10000p,200000b,80000s
</usr/local/texlive/2018/texmf-dist/fonts/type1/public/amsfonts/cm/cmbsy10.pf
b></usr/local/texlive/2018/texmf-dist/fonts/type1/public/amsfonts/cmextra/cmbsy
8.pfb></usr/local/texlive/2018/texmf-dist/fonts/type1/public/amsfonts/cm/cmbx10
.pfb></usr/local/texlive/2018/texmf-dist/fonts/type1/public/amsfonts/cm/cmbx12.
pfb></usr/local/texlive/2018/texmf-dist/fonts/type1/public/amsfonts/cm/cmbxti10
.pfb></usr/local/texlive/2018/texmf-dist/fonts/type1/public/amsfonts/cm/cmex10.
pfb></usr/local/texlive/2018/texmf-dist/fonts/type1/public/amsfonts/cm/cmmi10.p
fb></usr/local/texlive/2018/texmf-dist/fonts/type1/public/amsfonts/cm/cmmi12.pf
b></usr/local/texlive/2018/texmf-dist/fonts/type1/public/amsfonts/cm/cmmi8.pfb>
</usr/local/texlive/2018/texmf-dist/fonts/type1/public/amsfonts/cm/cmmib10.pfb>
</usr/local/texlive/2018/texmf-dist/fonts/type1/public/amsfonts/cmextra/cmmib7.
pfb></usr/local/texlive/2018/texmf-dist/fonts/type1/public/amsfonts/cmextra/cmm
ib8.pfb></usr/local/texlive/2018/texmf-dist/fonts/type1/public/amsfonts/cm/cmr1
0.pfb></usr/local/texlive/2018/texmf-dist/fonts/type1/public/amsfonts/cm/cmr12.
pfb></usr/local/texlive/2018/texmf-dist/fonts/type1/public/amsfonts/cm/cmr8.pfb
></usr/local/texlive/2018/texmf-dist/fonts/type1/public/amsfonts/cm/cmsy10.pfb>
</usr/local/texlive/2018/texmf-dist/fonts/type1/public/amsfonts/cm/cmsy8.pfb></
usr/local/texlive/2018/texmf-dist/fonts/type1/public/amsfonts/cm/cmti10.pfb></u
sr/local/texlive/2018/texmf-dist/fonts/type1/public/amsfonts/cm/cmti12.pfb></us
r/local/texlive/2018/texmf-dist/fonts/type1/public/amsfonts/cm/cmtt10.pfb>
Output written on stars_gas_dynamics.pdf (19 pages, 10072411 bytes).
PDF statistics:
 997 PDF objects out of 1000 (max. 8388607)
 709 compressed objects within 8 object streams
 109 named destinations out of 1000 (max. 500000)
 339 words of extra memory for PDF output out of 10000 (max. 10000000)

